This file contains any messages produced by compilers while
running configure, to aid debugging if configure makes a mistake.

It was created by gvideo configure 0.1.0, which was
generated by GNU Autoconf 2.64.  Invocation command line was

  $ ./configure --config-cache --prefix=/usr

## --------- ##
## Platform. ##
## --------- ##

hostname = Cobra-desktop
uname -m = x86_64
uname -r = 2.6.31-19-generic
uname -s = Linux
uname -v = #56-Ubuntu SMP Thu Jan 28 02:39:34 UTC 2010

/usr/bin/uname -p = unknown
/bin/uname -X     = unknown

/bin/arch              = unknown
/usr/bin/arch -k       = unknown
/usr/convex/getsysinfo = unknown
/usr/bin/hostinfo      = unknown
/bin/machine           = unknown
/usr/bin/oslevel       = unknown
/bin/universe          = unknown

PATH: /usr/local/sbin
PATH: /usr/local/bin
PATH: /usr/sbin
PATH: /usr/bin
PATH: /sbin
PATH: /bin
PATH: /usr/games


## ----------- ##
## Core tests. ##
## ----------- ##

configure:2573: loading cache config.cache
configure:2657: checking whether to enable maintainer-specific portions of Makefiles
configure:2666: result: no
configure:2718: checking for a BSD-compatible install
configure:2786: result: /usr/bin/install -c
configure:2797: checking whether build environment is sane
configure:2847: result: yes
configure:2988: checking for a thread-safe mkdir -p
configure:3027: result: /bin/mkdir -p
configure:3040: checking for gawk
configure:3067: result: mawk
configure:3078: checking whether make sets $(MAKE)
configure:3100: result: yes
configure:3337: checking for gcc
configure:3364: result: gcc
configure:3593: checking for C compiler version
configure:3602: gcc --version >&5
gcc (Ubuntu 4.4.1-4ubuntu9) 4.4.1
Copyright (C) 2009 Free Software Foundation, Inc.
This is free software; see the source for copying conditions.  There is NO
warranty; not even for MERCHANTABILITY or FITNESS FOR A PARTICULAR PURPOSE.

configure:3613: $? = 0
configure:3602: gcc -v >&5
Using built-in specs.
Target: x86_64-linux-gnu
Configured with: ../src/configure -v --with-pkgversion='Ubuntu 4.4.1-4ubuntu9' --with-bugurl=file:///usr/share/doc/gcc-4.4/README.Bugs --enable-languages=c,c++,fortran,objc,obj-c++ --prefix=/usr --enable-shared --enable-multiarch --enable-linker-build-id --with-system-zlib --libexecdir=/usr/lib --without-included-gettext --enable-threads=posix --with-gxx-include-dir=/usr/include/c++/4.4 --program-suffix=-4.4 --enable-nls --enable-clocale=gnu --enable-libstdcxx-debug --enable-objc-gc --disable-werror --with-arch-32=i486 --with-tune=generic --enable-checking=release --build=x86_64-linux-gnu --host=x86_64-linux-gnu --target=x86_64-linux-gnu
Thread model: posix
gcc version 4.4.1 (Ubuntu 4.4.1-4ubuntu9) 
configure:3613: $? = 0
configure:3602: gcc -V >&5
gcc: '-V' option must have argument
configure:3613: $? = 1
configure:3602: gcc -qversion >&5
gcc: unrecognized option '-qversion'
gcc: no input files
configure:3613: $? = 1
configure:3635: checking for C compiler default output file name
configure:3657: gcc    conftest.c  >&5
configure:3661: $? = 0
configure:3698: result: a.out
configure:3714: checking whether the C compiler works
configure:3723: ./a.out
configure:3727: $? = 0
configure:3742: result: yes
configure:3749: checking whether we are cross compiling
configure:3751: result: no
configure:3754: checking for suffix of executables
configure:3761: gcc -o conftest    conftest.c  >&5
configure:3765: $? = 0
configure:3787: result: 
configure:3793: checking for suffix of object files
configure:3840: result: o
configure:3844: checking whether we are using the GNU C compiler
configure:3872: result: yes
configure:3881: checking whether gcc accepts -g
configure:3942: result: yes
configure:3959: checking for gcc option to accept ISO C89
configure:4036: result: none needed
configure:4067: checking for style of include used by make
configure:4095: result: GNU
configure:4120: checking dependency style of gcc
configure:4230: result: gcc3
configure:4303: checking for g++
configure:4330: result: g++
configure:4357: checking for C++ compiler version
configure:4366: g++ --version >&5
g++ (Ubuntu 4.4.1-4ubuntu9) 4.4.1
Copyright (C) 2009 Free Software Foundation, Inc.
This is free software; see the source for copying conditions.  There is NO
warranty; not even for MERCHANTABILITY or FITNESS FOR A PARTICULAR PURPOSE.

configure:4377: $? = 0
configure:4366: g++ -v >&5
Using built-in specs.
Target: x86_64-linux-gnu
Configured with: ../src/configure -v --with-pkgversion='Ubuntu 4.4.1-4ubuntu9' --with-bugurl=file:///usr/share/doc/gcc-4.4/README.Bugs --enable-languages=c,c++,fortran,objc,obj-c++ --prefix=/usr --enable-shared --enable-multiarch --enable-linker-build-id --with-system-zlib --libexecdir=/usr/lib --without-included-gettext --enable-threads=posix --with-gxx-include-dir=/usr/include/c++/4.4 --program-suffix=-4.4 --enable-nls --enable-clocale=gnu --enable-libstdcxx-debug --enable-objc-gc --disable-werror --with-arch-32=i486 --with-tune=generic --enable-checking=release --build=x86_64-linux-gnu --host=x86_64-linux-gnu --target=x86_64-linux-gnu
Thread model: posix
gcc version 4.4.1 (Ubuntu 4.4.1-4ubuntu9) 
configure:4377: $? = 0
configure:4366: g++ -V >&5
g++: '-V' option must have argument
configure:4377: $? = 1
configure:4366: g++ -qversion >&5
g++: unrecognized option '-qversion'
g++: no input files
configure:4377: $? = 1
configure:4381: checking whether we are using the GNU C++ compiler
configure:4409: result: yes
configure:4418: checking whether g++ accepts -g
configure:4479: result: yes
configure:4504: checking dependency style of g++
configure:4614: result: gcc3
configure:4658: checking build system type
configure:4672: result: x86_64-unknown-linux-gnu
configure:4692: checking host system type
configure:4705: result: x86_64-unknown-linux-gnu
configure:4725: checking for a sed that does not truncate output
configure:4789: result: /bin/sed
configure:4807: checking for grep that handles long lines and -e
configure:4865: result: /bin/grep
configure:4870: checking for egrep
configure:4932: result: /bin/grep -E
configure:4937: checking for fgrep
configure:4999: result: /bin/grep -F
configure:5034: checking for ld used by gcc
configure:5101: result: /usr/bin/ld
configure:5108: checking if the linker (/usr/bin/ld) is GNU ld
configure:5123: result: yes
configure:5135: checking for BSD- or MS-compatible name lister (nm)
configure:5184: result: /usr/bin/nm -B
configure:5302: checking the name lister (/usr/bin/nm -B) interface
configure:5322: result: BSD nm
configure:5325: checking whether ln -s works
configure:5329: result: yes
configure:5337: checking the maximum length of command line arguments
configure:5457: result: 1572864
configure:5474: checking whether the shell understands some XSI constructs
configure:5484: result: yes
configure:5488: checking whether the shell understands "+="
configure:5494: result: yes
configure:5529: checking for /usr/bin/ld option to reload object files
configure:5536: result: -r
configure:5605: checking for objdump
configure:5632: result: objdump
configure:5664: checking how to recognize dependent libraries
configure:5860: result: pass_all
configure:5920: checking for ar
configure:5947: result: ar
configure:6025: checking for strip
configure:6052: result: strip
configure:6124: checking for ranlib
configure:6151: result: ranlib
configure:6241: checking command to parse /usr/bin/nm -B output from gcc object
configure:6464: result: ok
configure:6560: gcc -c -g -O2  conftest.c >&5
configure:6563: $? = 0
configure:7273: checking how to run the C preprocessor
configure:7343: result: gcc -E
configure:7363: gcc -E  conftest.c
configure:7363: $? = 0
configure:7377: gcc -E  conftest.c
conftest.c:11:28: error: ac_nonexistent.h: No such file or directory
configure:7377: $? = 1
configure: failed program was:
| /* confdefs.h */
| #define PACKAGE_NAME "gvideo"
| #define PACKAGE_TARNAME "gvideo"
| #define PACKAGE_VERSION "0.1.0"
| #define PACKAGE_STRING "gvideo 0.1.0"
| #define PACKAGE_BUGREPORT "pj.assis@gmail.com"
| #define PACKAGE_URL ""
| #define PACKAGE "gvideo"
| #define VERSION "0.1.0"
| /* end confdefs.h.  */
| #include <ac_nonexistent.h>
configure:7406: checking for ANSI C header files
configure:7510: result: yes
configure:7523: checking for sys/types.h
configure:7523: result: yes
configure:7523: checking for sys/stat.h
configure:7523: result: yes
configure:7523: checking for stdlib.h
configure:7523: result: yes
configure:7523: checking for string.h
configure:7523: result: yes
configure:7523: checking for memory.h
configure:7523: result: yes
configure:7523: checking for strings.h
configure:7523: result: yes
configure:7523: checking for inttypes.h
configure:7523: result: yes
configure:7523: checking for stdint.h
configure:7523: result: yes
configure:7523: checking for unistd.h
configure:7523: result: yes
configure:7538: checking for dlfcn.h
configure:7538: result: yes
configure:7663: checking for C++ compiler version
configure:7672: g++ --version >&5
g++ (Ubuntu 4.4.1-4ubuntu9) 4.4.1
Copyright (C) 2009 Free Software Foundation, Inc.
This is free software; see the source for copying conditions.  There is NO
warranty; not even for MERCHANTABILITY or FITNESS FOR A PARTICULAR PURPOSE.

configure:7683: $? = 0
configure:7672: g++ -v >&5
Using built-in specs.
Target: x86_64-linux-gnu
Configured with: ../src/configure -v --with-pkgversion='Ubuntu 4.4.1-4ubuntu9' --with-bugurl=file:///usr/share/doc/gcc-4.4/README.Bugs --enable-languages=c,c++,fortran,objc,obj-c++ --prefix=/usr --enable-shared --enable-multiarch --enable-linker-build-id --with-system-zlib --libexecdir=/usr/lib --without-included-gettext --enable-threads=posix --with-gxx-include-dir=/usr/include/c++/4.4 --program-suffix=-4.4 --enable-nls --enable-clocale=gnu --enable-libstdcxx-debug --enable-objc-gc --disable-werror --with-arch-32=i486 --with-tune=generic --enable-checking=release --build=x86_64-linux-gnu --host=x86_64-linux-gnu --target=x86_64-linux-gnu
Thread model: posix
gcc version 4.4.1 (Ubuntu 4.4.1-4ubuntu9) 
configure:7683: $? = 0
configure:7672: g++ -V >&5
g++: '-V' option must have argument
configure:7683: $? = 1
configure:7672: g++ -qversion >&5
g++: unrecognized option '-qversion'
g++: no input files
configure:7683: $? = 1
configure:7687: checking whether we are using the GNU C++ compiler
configure:7715: result: yes
configure:7724: checking whether g++ accepts -g
configure:7785: result: yes
configure:7810: checking dependency style of g++
configure:7920: result: gcc3
configure:7943: checking how to run the C++ preprocessor
configure:8009: result: g++ -E
configure:8029: g++ -E  conftest.cpp
configure:8029: $? = 0
configure:8043: g++ -E  conftest.cpp
conftest.cpp:22:28: error: ac_nonexistent.h: No such file or directory
configure:8043: $? = 1
configure: failed program was:
| /* confdefs.h */
| #define PACKAGE_NAME "gvideo"
| #define PACKAGE_TARNAME "gvideo"
| #define PACKAGE_VERSION "0.1.0"
| #define PACKAGE_STRING "gvideo 0.1.0"
| #define PACKAGE_BUGREPORT "pj.assis@gmail.com"
| #define PACKAGE_URL ""
| #define PACKAGE "gvideo"
| #define VERSION "0.1.0"
| #define STDC_HEADERS 1
| #define HAVE_SYS_TYPES_H 1
| #define HAVE_SYS_STAT_H 1
| #define HAVE_STDLIB_H 1
| #define HAVE_STRING_H 1
| #define HAVE_MEMORY_H 1
| #define HAVE_STRINGS_H 1
| #define HAVE_INTTYPES_H 1
| #define HAVE_STDINT_H 1
| #define HAVE_UNISTD_H 1
| #define HAVE_DLFCN_H 1
| /* end confdefs.h.  */
| #include <ac_nonexistent.h>
configure:8249: checking for objdir
configure:8264: result: .libs
configure:8560: checking if gcc supports -fno-rtti -fno-exceptions
configure:8595: result: no
configure:8615: checking for gcc option to produce PIC
configure:8887: result: -fPIC -DPIC
configure:8899: checking if gcc PIC flag -fPIC -DPIC works
configure:8934: result: yes
configure:8958: checking if gcc static flag -static works
configure:8986: result: yes
configure:9001: checking if gcc supports -c -o file.o
configure:9048: result: yes
configure:9056: checking if gcc supports -c -o file.o
configure:9103: result: yes
configure:9136: checking whether the gcc linker (/usr/bin/ld -m elf_x86_64) supports shared libraries
configure:10126: result: yes
configure:10163: checking whether -lc should be explicitly linked in
configure:10168: gcc -c -g -O2  conftest.c >&5
configure:10171: $? = 0
configure:10186: gcc -shared conftest.o  -v -Wl,-soname -Wl,conftest -o conftest 2\>\&1 \| /bin/grep  -lc  \>/dev/null 2\>\&1
configure:10189: $? = 0
configure:10201: result: no
configure:10365: checking dynamic linker characteristics
configure:10798: gcc -o conftest -g -O2   -Wl,-rpath -Wl,/foo conftest.c  >&5
configure:10798: $? = 0
configure:11028: result: GNU/Linux ld.so
configure:11130: checking how to hardcode library paths into programs
configure:11155: result: immediate
configure:11675: checking whether stripping libraries is possible
configure:11680: result: yes
configure:11715: checking if libtool supports shared libraries
configure:11717: result: yes
configure:11720: checking whether to build shared libraries
configure:11741: result: yes
configure:11744: checking whether to build static libraries
configure:11748: result: yes
configure:11898: checking for ld used by g++
configure:11965: result: /usr/bin/ld -m elf_x86_64
configure:11972: checking if the linker (/usr/bin/ld -m elf_x86_64) is GNU ld
configure:11987: result: yes
configure:12042: checking whether the g++ linker (/usr/bin/ld -m elf_x86_64) supports shared libraries
configure:12955: result: yes
configure:12983: g++ -c -g -O2  conftest.cpp >&5
configure:12986: $? = 0
configure:13168: checking for g++ option to produce PIC
configure:13485: result: -fPIC -DPIC
configure:13494: checking if g++ PIC flag -fPIC -DPIC works
configure:13529: result: yes
configure:13550: checking if g++ static flag -static works
configure:13578: result: yes
configure:13590: checking if g++ supports -c -o file.o
configure:13637: result: yes
configure:13642: checking if g++ supports -c -o file.o
configure:13689: result: yes
configure:13719: checking whether the g++ linker (/usr/bin/ld -m elf_x86_64) supports shared libraries
configure:13748: result: yes
configure:13885: checking dynamic linker characteristics
configure:14266: g++ -o conftest -g -O2   -Wl,-rpath -Wl,/foo conftest.cpp  >&5
configure:14266: $? = 0
configure:14496: result: GNU/Linux ld.so
configure:14547: checking how to hardcode library paths into programs
configure:14572: result: immediate
configure:14630: checking whether build environment is sane
configure:14680: result: yes
configure:14707: checking for locale.h
configure:14707: result: yes
configure:14718: checking for LC_MESSAGES
configure:14742: result: yes
configure:14759: checking for libintl.h
configure:14759: result: yes
configure:14767: checking for ngettext in libc
configure:14794: result: yes
configure:14798: checking for dgettext in libc
configure:14825: result: yes
configure:14832: checking for bind_textdomain_codeset
configure:14832: result: yes
configure:15108: checking for msgfmt
configure:15135: result: /usr/bin/msgfmt
configure:15146: checking for dcgettext
configure:15146: result: yes
configure:15156: checking if msgfmt accepts -c
configure:15171: $MSGFMT -c -o /dev/null conftest.foo
configure:15174: $? = 0
configure:15176: result: yes
configure:15186: checking for gmsgfmt
configure:15217: result: /usr/bin/msgfmt
configure:15227: checking for xgettext
configure:15254: result: /usr/bin/xgettext
configure:15273: g++ -o conftest -g -O2   conftest.cpp   >&5
configure:15273: $? = 0
configure:15351: checking for catalogs to be installed
configure:15376: result:  pt pt_BR de es fr da tr cs ja ru nl he eu
configure:15459: checking for pkg-config
configure:15489: result: /usr/bin/pkg-config
configure:15514: checking pkg-config is at least version 0.9.0
configure:15517: result: yes
configure:15528: checking for GVIDEOLIB
configure:15536: $PKG_CONFIG --exists --print-errors "libv4l2 libpng"
configure:15539: $? = 0
configure:15554: $PKG_CONFIG --exists --print-errors "libv4l2 libpng"
configure:15557: $? = 0
configure:15612: result: yes
configure:15622: checking for GVAUDIOLIB
configure:15630: $PKG_CONFIG --exists --print-errors "portaudio-2.0"
configure:15633: $? = 0
configure:15648: $PKG_CONFIG --exists --print-errors "portaudio-2.0"
configure:15651: $? = 0
configure:15706: result: yes
configure:15713: checking if you want to enable pulse support
configure:15723: result: no
configure:15811: checking if you want to disable gvideo libgvrender support
configure:15821: result: yes
configure:15826: checking for GVRENDERLIB
configure:15834: $PKG_CONFIG --exists --print-errors "sdl >= 1.2.10"
configure:15837: $? = 0
configure:15852: $PKG_CONFIG --exists --print-errors "sdl >= 1.2.10"
configure:15855: $? = 0
configure:15910: result: yes
configure:15919: checking if you want to disable gvideo libgvencoder support
configure:15929: result: yes
configure:15934: checking for GVENCODERLIB
configure:15942: $PKG_CONFIG --exists --print-errors "libavcodec"
configure:15945: $? = 0
configure:15960: $PKG_CONFIG --exists --print-errors "libavcodec"
configure:15963: $? = 0
configure:16018: result: yes
configure:16027: checking for avcodec.h
configure:16027: result: no
configure:16034: checking for ffmpeg/avcodec.h
configure:16034: result: no
configure:16041: checking for libavcodec/avcodec.h
configure:16041: result: yes
configure:16064: checking if you want to disable gvideo-gtk support
configure:16074: result: yes
configure:16079: checking for GVIDEOGTK
configure:16087: $PKG_CONFIG --exists --print-errors "gtkmm-2.4  glibmm-2.4 gthread-2.0"
configure:16090: $? = 0
configure:16105: $PKG_CONFIG --exists --print-errors "gtkmm-2.4  glibmm-2.4 gthread-2.0"
configure:16108: $? = 0
configure:16163: result: yes
configure:16171: checking if you want to enable debian menu
configure:16181: result: yes
configure:16193: checking if you want to enable desktop file
configure:16203: result: yes
configure:16216: checking whether byte ordering is bigendian
configure:16422: result: no
configure:16583: creating ./config.status

## ---------------------- ##
## Running config.status. ##
## ---------------------- ##

This file was extended by gvideo config.status 0.1.0, which was
generated by GNU Autoconf 2.64.  Invocation command line was

  CONFIG_FILES    = 
  CONFIG_HEADERS  = 
  CONFIG_LINKS    = 
  CONFIG_COMMANDS = 
  $ ./config.status 

on Cobra-desktop

config.status:1200: creating Makefile
config.status:1200: creating pkgconfig/gvideo-0.1.pc
config.status:1200: creating pkgconfig/gvrender-0.1.pc
config.status:1200: creating libgvideo/Makefile
config.status:1200: creating libgvrender/Makefile
config.status:1200: creating gvideo-gtk/Makefile
config.status:1200: creating common/Makefile
config.status:1200: creating pixmaps/Makefile
config.status:1200: creating po/Makefile.in
config.status:1200: creating config.h
config.status:1372: config.h is unchanged
config.status:1420: executing depfiles commands
config.status:1420: executing libtool commands
config.status:1420: executing default-1 commands

## ---------------- ##
## Cache variables. ##
## ---------------- ##

ac_cv_build=x86_64-unknown-linux-gnu
ac_cv_c_bigendian=no
ac_cv_c_compiler_gnu=yes
ac_cv_cxx_compiler_gnu=yes
ac_cv_env_CCC_set=
ac_cv_env_CCC_value=
ac_cv_env_CC_set=
ac_cv_env_CC_value=
ac_cv_env_CFLAGS_set=
ac_cv_env_CFLAGS_value=
ac_cv_env_CPPFLAGS_set=
ac_cv_env_CPPFLAGS_value=
ac_cv_env_CPP_set=
ac_cv_env_CPP_value=
ac_cv_env_CXXCPP_set=
ac_cv_env_CXXCPP_value=
ac_cv_env_CXXFLAGS_set=
ac_cv_env_CXXFLAGS_value=
ac_cv_env_CXX_set=
ac_cv_env_CXX_value=
ac_cv_env_GVAUDIOLIB_CFLAGS_set=
ac_cv_env_GVAUDIOLIB_CFLAGS_value=
ac_cv_env_GVAUDIOLIB_LIBS_set=
ac_cv_env_GVAUDIOLIB_LIBS_value=
ac_cv_env_GVENCODERLIB_CFLAGS_set=
ac_cv_env_GVENCODERLIB_CFLAGS_value=
ac_cv_env_GVENCODERLIB_LIBS_set=
ac_cv_env_GVENCODERLIB_LIBS_value=
ac_cv_env_GVIDEOGTK_CFLAGS_set=
ac_cv_env_GVIDEOGTK_CFLAGS_value=
ac_cv_env_GVIDEOGTK_LIBS_set=
ac_cv_env_GVIDEOGTK_LIBS_value=
ac_cv_env_GVIDEOLIB_CFLAGS_set=
ac_cv_env_GVIDEOLIB_CFLAGS_value=
ac_cv_env_GVIDEOLIB_LIBS_set=
ac_cv_env_GVIDEOLIB_LIBS_value=
ac_cv_env_GVRENDERLIB_CFLAGS_set=
ac_cv_env_GVRENDERLIB_CFLAGS_value=
ac_cv_env_GVRENDERLIB_LIBS_set=
ac_cv_env_GVRENDERLIB_LIBS_value=
ac_cv_env_LDFLAGS_set=
ac_cv_env_LDFLAGS_value=
ac_cv_env_LIBS_set=
ac_cv_env_LIBS_value=
ac_cv_env_PKG_CONFIG_set=
ac_cv_env_PKG_CONFIG_value=
ac_cv_env_PULSE_CFLAGS_set=
ac_cv_env_PULSE_CFLAGS_value=
ac_cv_env_PULSE_LIBS_set=
ac_cv_env_PULSE_LIBS_value=
ac_cv_env_RENDERLIB_CFLAGS_set=
ac_cv_env_RENDERLIB_CFLAGS_value=
ac_cv_env_RENDERLIB_LIBS_set=
ac_cv_env_RENDERLIB_LIBS_value=
ac_cv_env_build_alias_set=
ac_cv_env_build_alias_value=
ac_cv_env_host_alias_set=
ac_cv_env_host_alias_value=
ac_cv_env_target_alias_set=
ac_cv_env_target_alias_value=
ac_cv_func_bind_textdomain_codeset=yes
ac_cv_func_dcgettext=yes
ac_cv_header_avcodec_h=no
ac_cv_header_dlfcn_h=yes
ac_cv_header_ffmpeg_avcodec_h=no
ac_cv_header_inttypes_h=yes
ac_cv_header_libavcodec_avcodec_h=yes
ac_cv_header_libintl_h=yes
ac_cv_header_locale_h=yes
ac_cv_header_memory_h=yes
ac_cv_header_stdc=yes
ac_cv_header_stdint_h=yes
ac_cv_header_stdlib_h=yes
ac_cv_header_string_h=yes
ac_cv_header_strings_h=yes
ac_cv_header_sys_stat_h=yes
ac_cv_header_sys_types_h=yes
ac_cv_header_unistd_h=yes
ac_cv_host=x86_64-unknown-linux-gnu
ac_cv_objext=o
ac_cv_path_EGREP='/bin/grep -E'
ac_cv_path_FGREP='/bin/grep -F'
ac_cv_path_GMSGFMT=/usr/bin/msgfmt
ac_cv_path_GREP=/bin/grep
ac_cv_path_MSGFMT=/usr/bin/msgfmt
ac_cv_path_SED=/bin/sed
ac_cv_path_XGETTEXT=/usr/bin/xgettext
ac_cv_path_ac_pt_PKG_CONFIG=/usr/bin/pkg-config
ac_cv_path_install='/usr/bin/install -c'
ac_cv_path_mkdir=/bin/mkdir
ac_cv_prog_AWK=mawk
ac_cv_prog_CPP='gcc -E'
ac_cv_prog_CXXCPP='g++ -E'
ac_cv_prog_ac_ct_AR=ar
ac_cv_prog_ac_ct_CC=gcc
ac_cv_prog_ac_ct_CXX=g++
ac_cv_prog_ac_ct_OBJDUMP=objdump
ac_cv_prog_ac_ct_RANLIB=ranlib
ac_cv_prog_ac_ct_STRIP=strip
ac_cv_prog_cc_c89=
ac_cv_prog_cc_g=yes
ac_cv_prog_cxx_g=yes
ac_cv_prog_make_make_set=yes
am_cv_CC_dependencies_compiler_type=gcc3
am_cv_CXX_dependencies_compiler_type=gcc3
am_cv_val_LC_MESSAGES=yes
gt_cv_func_dgettext_libc=yes
gt_cv_func_dgettext_libintl=no
gt_cv_func_ngettext_libc=yes
gt_cv_have_gettext=yes
lt_cv_deplibs_check_method=pass_all
lt_cv_file_magic_cmd='$MAGIC_CMD'
lt_cv_file_magic_test_file=
lt_cv_ld_reload_flag=-r
lt_cv_nm_interface='BSD nm'
lt_cv_objdir=.libs
lt_cv_path_LD=/usr/bin/ld
lt_cv_path_LDCXX='/usr/bin/ld -m elf_x86_64'
lt_cv_path_NM='/usr/bin/nm -B'
lt_cv_prog_compiler_c_o=yes
lt_cv_prog_compiler_c_o_CXX=yes
lt_cv_prog_compiler_pic_works=yes
lt_cv_prog_compiler_pic_works_CXX=yes
lt_cv_prog_compiler_rtti_exceptions=no
lt_cv_prog_compiler_static_works=yes
lt_cv_prog_compiler_static_works_CXX=yes
lt_cv_prog_gnu_ld=yes
lt_cv_prog_gnu_ldcxx=yes
lt_cv_sys_global_symbol_pipe='sed -n -e '\''s/^.*[	 ]\([ABCDGIRSTW][ABCDGIRSTW]*\)[	 ][	 ]*\([_A-Za-z][_A-Za-z0-9]*\)$/\1 \2 \2/p'\'''
lt_cv_sys_global_symbol_to_c_name_address='sed -n -e '\''s/^: \([^ ]*\) $/  {\"\1\", (void *) 0},/p'\'' -e '\''s/^[ABCDGIRSTW]* \([^ ]*\) \([^ ]*\)$/  {"\2", (void *) \&\2},/p'\'''
lt_cv_sys_global_symbol_to_c_name_address_lib_prefix='sed -n -e '\''s/^: \([^ ]*\) $/  {\"\1\", (void *) 0},/p'\'' -e '\''s/^[ABCDGIRSTW]* \([^ ]*\) \(lib[^ ]*\)$/  {"\2", (void *) \&\2},/p'\'' -e '\''s/^[ABCDGIRSTW]* \([^ ]*\) \([^ ]*\)$/  {"lib\2", (void *) \&\2},/p'\'''
lt_cv_sys_global_symbol_to_cdecl='sed -n -e '\''s/^T .* \(.*\)$/extern int \1();/p'\'' -e '\''s/^[ABCDGIRSTW]* .* \(.*\)$/extern char \1;/p'\'''
lt_cv_sys_max_cmd_len=1572864
pkg_cv_GVAUDIOLIB_CFLAGS='-pthread  '
pkg_cv_GVAUDIOLIB_LIBS='-lportaudio -lasound -lm -lpthread  '
pkg_cv_GVENCODERLIB_CFLAGS=' '
pkg_cv_GVENCODERLIB_LIBS='-lavcodec  '
pkg_cv_GVIDEOGTK_CFLAGS='-D_REENTRANT -pthread -I/usr/include/gtkmm-2.4 -I/usr/lib/gtkmm-2.4/include -I/usr/include/giomm-2.4 -I/usr/lib/giomm-2.4/include -I/usr/include/pangomm-1.4 -I/usr/lib/pangomm-1.4/include -I/usr/include/gtk-2.0 -I/usr/include/gtk-unix-print-2.0 -I/usr/include/atkmm-1.6 -I/usr/include/gdkmm-2.4 -I/usr/lib/gdkmm-2.4/include -I/usr/include/glibmm-2.4 -I/usr/lib/glibmm-2.4/include -I/usr/include/glib-2.0 -I/usr/lib/glib-2.0/include -I/usr/include/sigc++-2.0 -I/usr/lib/sigc++-2.0/include -I/usr/include/cairomm-1.0 -I/usr/include/pango-1.0 -I/usr/include/cairo -I/usr/include/pixman-1 -I/usr/include/freetype2 -I/usr/include/directfb -I/usr/include/libpng12 -I/usr/lib/gtk-2.0/include -I/usr/include/atk-1.0  '
pkg_cv_GVIDEOGTK_LIBS='-pthread -lgtkmm-2.4 -latkmm-1.6 -lgdkmm-2.4 -lgiomm-2.4 -lpangomm-1.4 -lgtk-x11-2.0 -lcairomm-1.0 -lgdk-x11-2.0 -latk-1.0 -lpangoft2-1.0 -lgdk_pixbuf-2.0 -lm -lpangocairo-1.0 -lgio-2.0 -lcairo -lpango-1.0 -lfreetype -lfontconfig -lgmodule-2.0 -lglibmm-2.4 -lgobject-2.0 -lsigc-2.0 -lgthread-2.0 -lrt -lglib-2.0  '
pkg_cv_GVIDEOLIB_CFLAGS='-I/usr/include/libpng12  '
pkg_cv_GVIDEOLIB_LIBS='-lv4l2 -lpng12  '
pkg_cv_GVRENDERLIB_CFLAGS='-D_GNU_SOURCE=1 -D_REENTRANT -I/usr/include/SDL  '
pkg_cv_GVRENDERLIB_LIBS='-lSDL  '
pkg_cv_RENDERLIB_CFLAGS='-D_GNU_SOURCE=1 -D_REENTRANT -I/usr/include/SDL  '
pkg_cv_RENDERLIB_LIBS='-lSDL  '

## ----------------- ##
## Output variables. ##
## ----------------- ##

ACLOCAL='${SHELL} /home/paulo/Documentos/Devel/gvideo/missing --run aclocal-1.11'
AMDEPBACKSLASH='\'
AMDEP_FALSE='#'
AMDEP_TRUE=''
AMTAR='${SHELL} /home/paulo/Documentos/Devel/gvideo/missing --run tar'
AR='ar'
AUTOCONF='${SHELL} /home/paulo/Documentos/Devel/gvideo/missing --run autoconf'
AUTOHEADER='${SHELL} /home/paulo/Documentos/Devel/gvideo/missing --run autoheader'
AUTOMAKE='${SHELL} /home/paulo/Documentos/Devel/gvideo/missing --run automake-1.11'
AWK='mawk'
CATALOGS=' pt.gmo pt_BR.gmo de.gmo es.gmo fr.gmo da.gmo tr.gmo cs.gmo ja.gmo ru.gmo nl.gmo he.gmo eu.gmo'
CATOBJEXT='.gmo'
CC='gcc'
CCDEPMODE='depmode=gcc3'
CFLAGS='-g -O2'
CPP='gcc -E'
CPPFLAGS=''
CXX='g++'
CXXCPP='g++ -E'
CXXDEPMODE='depmode=gcc3'
CXXFLAGS='-g -O2'
CYGPATH_W='echo'
DATADIRNAME='share'
DEBIAN_MENU_FALSE='#'
DEBIAN_MENU_TRUE=''
DEFS='-DHAVE_CONFIG_H'
DEPDIR='.deps'
DESKTOP_FALSE='#'
DESKTOP_TRUE=''
DSYMUTIL=''
DUMPBIN=''
ECHO_C=''
ECHO_N='-n'
ECHO_T=''
EGREP='/bin/grep -E'
EXEEXT=''
FGREP='/bin/grep -F'
GETTEXT_PACKAGE=''
GMOFILES=' pt.gmo pt_BR.gmo de.gmo es.gmo fr.gmo da.gmo tr.gmo cs.gmo ja.gmo ru.gmo nl.gmo he.gmo eu.gmo'
GMSGFMT='/usr/bin/msgfmt'
GREP='/bin/grep'
GVAUDIOLIB_CFLAGS='-pthread  '
GVAUDIOLIB_LIBS='-lportaudio -lasound -lm -lpthread  '
GVAUDIO_API_VERSION='0.1'
GVAUDIO_LD_NAME='gvaudio'
GVAUDIO_LIBRARY_NAME='libgvaudio'
GVAUDIO_LIBRARY_VERSION='0:1:0'
GVENCODERLIB_CFLAGS=' '
GVENCODERLIB_LIBS='-lavcodec  '
GVENCODER_API_VERSION='0.1'
GVENCODER_LD_NAME='gvencoder'
GVENCODER_LIBRARY_NAME='libgvencoder'
GVENCODER_LIBRARY_VERSION='0:1:0'
GVIDEOGTK_CFLAGS='-D_REENTRANT -pthread -I/usr/include/gtkmm-2.4 -I/usr/lib/gtkmm-2.4/include -I/usr/include/giomm-2.4 -I/usr/lib/giomm-2.4/include -I/usr/include/pangomm-1.4 -I/usr/lib/pangomm-1.4/include -I/usr/include/gtk-2.0 -I/usr/include/gtk-unix-print-2.0 -I/usr/include/atkmm-1.6 -I/usr/include/gdkmm-2.4 -I/usr/lib/gdkmm-2.4/include -I/usr/include/glibmm-2.4 -I/usr/lib/glibmm-2.4/include -I/usr/include/glib-2.0 -I/usr/lib/glib-2.0/include -I/usr/include/sigc++-2.0 -I/usr/lib/sigc++-2.0/include -I/usr/include/cairomm-1.0 -I/usr/include/pango-1.0 -I/usr/include/cairo -I/usr/include/pixman-1 -I/usr/include/freetype2 -I/usr/include/directfb -I/usr/include/libpng12 -I/usr/lib/gtk-2.0/include -I/usr/include/atk-1.0  '
GVIDEOGTK_LIBS='-pthread -lgtkmm-2.4 -latkmm-1.6 -lgdkmm-2.4 -lgiomm-2.4 -lpangomm-1.4 -lgtk-x11-2.0 -lcairomm-1.0 -lgdk-x11-2.0 -latk-1.0 -lpangoft2-1.0 -lgdk_pixbuf-2.0 -lm -lpangocairo-1.0 -lgio-2.0 -lcairo -lpango-1.0 -lfreetype -lfontconfig -lgmodule-2.0 -lglibmm-2.4 -lgobject-2.0 -lsigc-2.0 -lgthread-2.0 -lrt -lglib-2.0  '
GVIDEOLIB_CFLAGS='-I/usr/include/libpng12  '
GVIDEOLIB_LIBS='-lv4l2 -lpng12  '
GVIDEO_API_VERSION='0.1'
GVIDEO_GTK_NAME='gvideo-gtk'
GVIDEO_GTK_VERSION='0.1.0'
GVIDEO_LD_NAME='gvideo'
GVIDEO_LIBRARY_NAME='libgvideo'
GVIDEO_LIBRARY_VERSION='0:1:0'
GVRENDERLIB_CFLAGS='-D_GNU_SOURCE=1 -D_REENTRANT -I/usr/include/SDL  '
GVRENDERLIB_LIBS='-lSDL  '
GVRENDER_API_VERSION='0.1'
GVRENDER_LD_NAME='gvrender'
GVRENDER_LIBRARY_NAME='libgvrender'
GVRENDER_LIBRARY_VERSION='0:1:0'
INSTALL_DATA='${INSTALL} -m 644'
INSTALL_PROGRAM='${INSTALL}'
INSTALL_SCRIPT='${INSTALL}'
INSTALL_STRIP_PROGRAM='$(install_sh) -c -s'
INSTOBJEXT='.mo'
INTLLIBS=''
LD='/usr/bin/ld -m elf_x86_64'
LDFLAGS=''
LIBOBJS=''
LIBS=''
LIBTOOL='$(SHELL) $(top_builddir)/libtool'
LIPO=''
LN_S='ln -s'
LTLIBOBJS=''
MAINT='#'
MAINTAINER_MODE_FALSE=''
MAINTAINER_MODE_TRUE='#'
MAKEINFO='${SHELL} /home/paulo/Documentos/Devel/gvideo/missing --run makeinfo'
MKDIR_P='/bin/mkdir -p'
MKINSTALLDIRS='./mkinstalldirs'
MSGFMT='/usr/bin/msgfmt'
MSGFMT_OPTS='-c'
NM='/usr/bin/nm -B'
NMEDIT=''
OBJDUMP='objdump'
OBJEXT='o'
OTOOL64=''
OTOOL=''
PACKAGE='gvideo'
PACKAGE_BUGREPORT='pj.assis@gmail.com'
PACKAGE_NAME='gvideo'
PACKAGE_RELEASE='0.1'
PACKAGE_STRING='gvideo 0.1.0'
PACKAGE_TARNAME='gvideo'
PACKAGE_URL=''
PACKAGE_VERSION='0.1.0'
PATH_SEPARATOR=':'
PKG_CONFIG='/usr/bin/pkg-config'
POFILES=' pt.po pt_BR.po de.po es.po fr.po da.po tr.po cs.po ja.po ru.po nl.po he.po eu.po'
POSUB='po'
PO_IN_DATADIR_FALSE=''
PO_IN_DATADIR_TRUE=''
PULSE_CFLAGS=''
PULSE_LIBS=''
RANLIB='ranlib'
SED='/bin/sed'
SET_MAKE=''
SHELL='/bin/bash'
STRIP='strip'
USE_NLS='yes'
VERSION='0.1.0'
XGETTEXT='/usr/bin/xgettext'
ac_ct_CC='gcc'
ac_ct_CXX='g++'
ac_ct_DUMPBIN=''
am__EXEEXT_FALSE=''
am__EXEEXT_TRUE='#'
am__fastdepCC_FALSE='#'
am__fastdepCC_TRUE=''
am__fastdepCXX_FALSE='#'
am__fastdepCXX_TRUE=''
am__include='include'
am__isrc=''
am__leading_dot='.'
am__quote=''
am__tar='${AMTAR} chof - "$$tardir"'
am__untar='${AMTAR} xf -'
bindir='${exec_prefix}/bin'
build='x86_64-unknown-linux-gnu'
build_alias=''
build_cpu='x86_64'
build_os='linux-gnu'
build_vendor='unknown'
datadir='${datarootdir}'
datarootdir='${prefix}/share'
docdir='${datarootdir}/doc/${PACKAGE_TARNAME}'
dvidir='${docdir}'
exec_prefix='${prefix}'
host='x86_64-unknown-linux-gnu'
host_alias=''
host_cpu='x86_64'
host_os='linux-gnu'
host_vendor='unknown'
htmldir='${docdir}'
includedir='${prefix}/include'
infodir='${datarootdir}/info'
install_sh='${SHELL} /home/paulo/Documentos/Devel/gvideo/install-sh'
libdir='${exec_prefix}/lib'
libexecdir='${exec_prefix}/libexec'
localedir='${datarootdir}/locale'
localstatedir='${prefix}/var'
lt_ECHO='echo'
mandir='${datarootdir}/man'
mkdir_p='/bin/mkdir -p'
oldincludedir='/usr/include'
pdfdir='${docdir}'
prefix='/usr'
program_transform_name='s,x,x,'
psdir='${docdir}'
sbindir='${exec_prefix}/sbin'
sharedstatedir='${prefix}/com'
sysconfdir='${prefix}/etc'
target_alias=''

## ----------- ##
## confdefs.h. ##
## ----------- ##

/* confdefs.h */
#define PACKAGE_NAME "gvideo"
#define PACKAGE_TARNAME "gvideo"
#define PACKAGE_VERSION "0.1.0"
#define PACKAGE_STRING "gvideo 0.1.0"
#define PACKAGE_BUGREPORT "pj.assis@gmail.com"
#define PACKAGE_URL ""
#define PACKAGE "gvideo"
#define VERSION "0.1.0"
#define STDC_HEADERS 1
#define HAVE_SYS_TYPES_H 1
#define HAVE_SYS_STAT_H 1
#define HAVE_STDLIB_H 1
#define HAVE_STRING_H 1
#define HAVE_MEMORY_H 1
#define HAVE_STRINGS_H 1
#define HAVE_INTTYPES_H 1
#define HAVE_STDINT_H 1
#define HAVE_UNISTD_H 1
#define HAVE_DLFCN_H 1
#define LT_OBJDIR ".libs/"
#define GETTEXT_PACKAGE ""
#define HAVE_LOCALE_H 1
#define HAVE_LC_MESSAGES 1
#define HAVE_BIND_TEXTDOMAIN_CODESET 1
#define HAVE_GETTEXT 1
#define HAVE_DCGETTEXT 1
#define ENABLE_NLS 1
#define HAS_LIBAVCODEC_AVCODEC_H 1

configure: exit 0
